2011/11/04 14:10:29 [error] [exception.CHttpException.404] exception 'CHttpException' with message 'Unable to resolve the request "yii".' in C:\wamp\www\diaoc\yiiframework\web\CWebApplication.php:281
Stack trace:
#0 C:\wamp\www\diaoc\yiiframework\web\CWebApplication.php(136): CWebApplication->runController('yii')
#1 C:\wamp\www\diaoc\yiiframework\base\CApplication.php(158): CWebApplication->processRequest()
#2 C:\wamp\www\diaoc\index.php(13): CApplication->run()
#3 {main} REQUEST_URI=/diaoc/index.php?r=yii
2011/11/04 14:10:39 [error] [exception.CHttpException.404] exception 'CHttpException' with message 'Unable to resolve the request "gii".' in C:\wamp\www\diaoc\yiiframework\web\CWebApplication.php:281
Stack trace:
#0 C:\wamp\www\diaoc\yiiframework\web\CWebApplication.php(136): CWebApplication->runController('gii')
#1 C:\wamp\www\diaoc\yiiframework\base\CApplication.php(158): CWebApplication->processRequest()
#2 C:\wamp\www\diaoc\index.php(13): CApplication->run()
#3 {main} REQUEST_URI=/diaoc/index.php?r=gii
2011/11/06 18:30:39 [error] [exception.CHttpException.404] exception 'CHttpException' with message 'The system is unable to find the requested action "create".' in C:\wamp\www\diaoc\yiiframework\web\CController.php:477
Stack trace:
#0 C:\wamp\www\diaoc\yiiframework\web\CController.php(262): CController->missingAction('create')
#1 C:\wamp\www\diaoc\yiiframework\web\CWebApplication.php(277): CController->run('create')
#2 C:\wamp\www\diaoc\yiiframework\web\CWebApplication.php(136): CWebApplication->runController('gii/model/creat...')
#3 C:\wamp\www\diaoc\yiiframework\base\CApplication.php(158): CWebApplication->processRequest()
#4 C:\wamp\www\diaoc\index.php(13): CApplication->run()
#5 {main} REQUEST_URI=/diaoc/index.php?r=gii/model/create
2011/11/06 18:57:05 [error] [exception.CHttpException.404] exception 'CHttpException' with message 'Unable to resolve the request "administrator/controller/action".' in C:\wamp\www\diaoc\yiiframework\web\CWebApplication.php:281
Stack trace:
#0 C:\wamp\www\diaoc\yiiframework\web\CWebApplication.php(136): CWebApplication->runController('administrator/c...')
#1 C:\wamp\www\diaoc\yiiframework\base\CApplication.php(158): CWebApplication->processRequest()
#2 C:\wamp\www\diaoc\index.php(13): CApplication->run()
#3 {main} REQUEST_URI=/diaoc/index.php?r=administrator/controller/action
2011/11/06 19:04:35 [error] [exception.CHttpException.404] exception 'CHttpException' with message 'The system is unable to find the requested action "create".' in C:\wamp\www\diaoc\yiiframework\web\CController.php:477
Stack trace:
#0 C:\wamp\www\diaoc\yiiframework\web\CController.php(262): CController->missingAction('create')
#1 C:\wamp\www\diaoc\yiiframework\web\CWebApplication.php(277): CController->run('create')
#2 C:\wamp\www\diaoc\yiiframework\web\CWebApplication.php(136): CWebApplication->runController('gii/model/creat...')
#3 C:\wamp\www\diaoc\yiiframework\base\CApplication.php(158): CWebApplication->processRequest()
#4 C:\wamp\www\diaoc\index.php(13): CApplication->run()
#5 {main} REQUEST_URI=/diaoc/index.php?r=gii/model/create
2011/11/06 19:12:54 [error] [exception.CException] exception 'CException' with message 'Property "AdministratorModule.postPerPage" is not defined.' in C:\wamp\www\diaoc\yiiframework\base\CComponent.php:174
Stack trace:
#0 C:\wamp\www\diaoc\yiiframework\base\CModule.php(467): CComponent->__set('postPerPage', 20)
#1 C:\wamp\www\diaoc\yiiframework\base\CModule.php(69): CModule->configure(Array)
#2 C:\wamp\www\diaoc\yiiframework\YiiBase.php(211): CModule->__construct('administrator', NULL, Array)
#3 C:\wamp\www\diaoc\yiiframework\base\CModule.php(266): YiiBase::createComponent('administrator.A...', 'administrator', NULL, Array)
#4 C:\wamp\www\diaoc\yiiframework\web\CWebApplication.php(332): CModule->getModule('administrator')
#5 C:\wamp\www\diaoc\yiiframework\web\CWebApplication.php(271): CWebApplication->createController('administrator/p...')
#6 C:\wamp\www\diaoc\yiiframework\web\CWebApplication.php(136): CWebApplication->runController('administrator/p...')
#7 C:\wamp\www\diaoc\yiiframework\base\CApplication.php(158): CWebApplication->processRequest()
#8 C:\wamp\www\diaoc\index.php(13): CApplication->run()
#9 {main} REQUEST_URI=/diaoc/index.php?r=administrator/post/create
2011/11/06 19:14:02 [error] [exception.CException] exception 'CException' with message 'Property "AdministratorModule.postPerPage" is not defined.' in C:\wamp\www\diaoc\yiiframework\base\CComponent.php:174
Stack trace:
#0 C:\wamp\www\diaoc\yiiframework\base\CModule.php(467): CComponent->__set('postPerPage', 50)
#1 C:\wamp\www\diaoc\yiiframework\base\CModule.php(69): CModule->configure(Array)
#2 C:\wamp\www\diaoc\yiiframework\YiiBase.php(211): CModule->__construct('administrator', NULL, Array)
#3 C:\wamp\www\diaoc\yiiframework\base\CModule.php(266): YiiBase::createComponent('administrator.A...', 'administrator', NULL, Array)
#4 C:\wamp\www\diaoc\yiiframework\web\CWebApplication.php(332): CModule->getModule('administrator')
#5 C:\wamp\www\diaoc\yiiframework\web\CWebApplication.php(271): CWebApplication->createController('administrator/p...')
#6 C:\wamp\www\diaoc\yiiframework\web\CWebApplication.php(136): CWebApplication->runController('administrator/p...')
#7 C:\wamp\www\diaoc\yiiframework\base\CApplication.php(158): CWebApplication->processRequest()
#8 C:\wamp\www\diaoc\index.php(13): CApplication->run()
#9 {main} REQUEST_URI=/diaoc/index.php?r=administrator/post/create
2011/11/06 19:14:04 [error] [exception.CException] exception 'CException' with message 'Property "AdministratorModule.postPerPage" is not defined.' in C:\wamp\www\diaoc\yiiframework\base\CComponent.php:174
Stack trace:
#0 C:\wamp\www\diaoc\yiiframework\base\CModule.php(467): CComponent->__set('postPerPage', 50)
#1 C:\wamp\www\diaoc\yiiframework\base\CModule.php(69): CModule->configure(Array)
#2 C:\wamp\www\diaoc\yiiframework\YiiBase.php(211): CModule->__construct('administrator', NULL, Array)
#3 C:\wamp\www\diaoc\yiiframework\base\CModule.php(266): YiiBase::createComponent('administrator.A...', 'administrator', NULL, Array)
#4 C:\wamp\www\diaoc\yiiframework\web\CWebApplication.php(332): CModule->getModule('administrator')
#5 C:\wamp\www\diaoc\yiiframework\web\CWebApplication.php(271): CWebApplication->createController('administrator/p...')
#6 C:\wamp\www\diaoc\yiiframework\web\CWebApplication.php(136): CWebApplication->runController('administrator/p...')
#7 C:\wamp\www\diaoc\yiiframework\base\CApplication.php(158): CWebApplication->processRequest()
#8 C:\wamp\www\diaoc\index.php(13): CApplication->run()
#9 {main} REQUEST_URI=/diaoc/index.php?r=administrator/post/create
2011/11/06 19:17:10 [error] [exception.CException] exception 'CException' with message 'Property "AdministratorModule.postPerPage" is not defined.' in C:\wamp\www\diaoc\yiiframework\base\CComponent.php:174
Stack trace:
#0 C:\wamp\www\diaoc\yiiframework\base\CModule.php(467): CComponent->__set('postPerPage', 50)
#1 C:\wamp\www\diaoc\yiiframework\base\CModule.php(69): CModule->configure(Array)
#2 C:\wamp\www\diaoc\yiiframework\YiiBase.php(211): CModule->__construct('administrator', NULL, Array)
#3 C:\wamp\www\diaoc\yiiframework\base\CModule.php(266): YiiBase::createComponent('administrator.A...', 'administrator', NULL, Array)
#4 C:\wamp\www\diaoc\yiiframework\web\CWebApplication.php(332): CModule->getModule('administrator')
#5 C:\wamp\www\diaoc\yiiframework\web\CWebApplication.php(271): CWebApplication->createController('administrator')
#6 C:\wamp\www\diaoc\yiiframework\web\CWebApplication.php(136): CWebApplication->runController('administrator')
#7 C:\wamp\www\diaoc\yiiframework\base\CApplication.php(158): CWebApplication->processRequest()
#8 C:\wamp\www\diaoc\index.php(13): CApplication->run()
#9 {main} REQUEST_URI=/diaoc/index.php?r=administrator
2011/11/06 19:17:38 [error] [exception.CException] exception 'CException' with message 'Property "AdministratorModule.postPerPage" is not defined.' in C:\wamp\www\diaoc\yiiframework\base\CComponent.php:174
Stack trace:
#0 C:\wamp\www\diaoc\yiiframework\base\CModule.php(467): CComponent->__set('postPerPage', 50)
#1 C:\wamp\www\diaoc\yiiframework\base\CModule.php(69): CModule->configure(Array)
#2 C:\wamp\www\diaoc\yiiframework\YiiBase.php(211): CModule->__construct('administrator', NULL, Array)
#3 C:\wamp\www\diaoc\yiiframework\base\CModule.php(266): YiiBase::createComponent('administrator.A...', 'administrator', NULL, Array)
#4 C:\wamp\www\diaoc\yiiframework\web\CWebApplication.php(332): CModule->getModule('administrator')
#5 C:\wamp\www\diaoc\yiiframework\web\CWebApplication.php(271): CWebApplication->createController('administrator/d...')
#6 C:\wamp\www\diaoc\yiiframework\web\CWebApplication.php(136): CWebApplication->runController('administrator/d...')
#7 C:\wamp\www\diaoc\yiiframework\base\CApplication.php(158): CWebApplication->processRequest()
#8 C:\wamp\www\diaoc\index.php(13): CApplication->run()
#9 {main} REQUEST_URI=/diaoc/index.php?r=administrator/defaultController
2011/11/06 19:18:30 [error] [exception.CException] exception 'CException' with message 'Property "AdministratorModule.postPerPage" is not defined.' in C:\wamp\www\diaoc\yiiframework\base\CComponent.php:174
Stack trace:
#0 C:\wamp\www\diaoc\yiiframework\base\CModule.php(467): CComponent->__set('postPerPage', 50)
#1 C:\wamp\www\diaoc\yiiframework\base\CModule.php(69): CModule->configure(Array)
#2 C:\wamp\www\diaoc\yiiframework\YiiBase.php(211): CModule->__construct('administrator', NULL, Array)
#3 C:\wamp\www\diaoc\yiiframework\base\CModule.php(266): YiiBase::createComponent('administrator.A...', 'administrator', NULL, Array)
#4 C:\wamp\www\diaoc\yiiframework\web\CWebApplication.php(332): CModule->getModule('administrator')
#5 C:\wamp\www\diaoc\yiiframework\web\CWebApplication.php(271): CWebApplication->createController('administrator/d...')
#6 C:\wamp\www\diaoc\yiiframework\web\CWebApplication.php(136): CWebApplication->runController('administrator/d...')
#7 C:\wamp\www\diaoc\yiiframework\base\CApplication.php(158): CWebApplication->processRequest()
#8 C:\wamp\www\diaoc\index.php(13): CApplication->run()
#9 {main} REQUEST_URI=/diaoc/index.php?r=administrator/default
2011/11/06 19:18:47 [error] [exception.CException] exception 'CException' with message 'Property "AdministratorModule.postPerPage" is not defined.' in C:\wamp\www\diaoc\yiiframework\base\CComponent.php:174
Stack trace:
#0 C:\wamp\www\diaoc\yiiframework\base\CModule.php(467): CComponent->__set('postPerPage', 50)
#1 C:\wamp\www\diaoc\yiiframework\base\CModule.php(69): CModule->configure(Array)
#2 C:\wamp\www\diaoc\yiiframework\YiiBase.php(211): CModule->__construct('administrator', NULL, Array)
#3 C:\wamp\www\diaoc\yiiframework\base\CModule.php(266): YiiBase::createComponent('administrator.A...', 'administrator', NULL, Array)
#4 C:\wamp\www\diaoc\yiiframework\web\CWebApplication.php(332): CModule->getModule('administrator')
#5 C:\wamp\www\diaoc\yiiframework\web\CWebApplication.php(271): CWebApplication->createController('administrator/d...')
#6 C:\wamp\www\diaoc\yiiframework\web\CWebApplication.php(136): CWebApplication->runController('administrator/d...')
#7 C:\wamp\www\diaoc\yiiframework\base\CApplication.php(158): CWebApplication->processRequest()
#8 C:\wamp\www\diaoc\index.php(13): CApplication->run()
#9 {main} REQUEST_URI=/diaoc/index.php?r=administrator/default/action
2011/11/06 19:18:59 [error] [exception.CException] exception 'CException' with message 'Property "AdministratorModule.postPerPage" is not defined.' in C:\wamp\www\diaoc\yiiframework\base\CComponent.php:174
Stack trace:
#0 C:\wamp\www\diaoc\yiiframework\base\CModule.php(467): CComponent->__set('postPerPage', 50)
#1 C:\wamp\www\diaoc\yiiframework\base\CModule.php(69): CModule->configure(Array)
#2 C:\wamp\www\diaoc\yiiframework\YiiBase.php(211): CModule->__construct('administrator', NULL, Array)
#3 C:\wamp\www\diaoc\yiiframework\base\CModule.php(266): YiiBase::createComponent('administrator.A...', 'administrator', NULL, Array)
#4 C:\wamp\www\diaoc\yiiframework\web\CWebApplication.php(332): CModule->getModule('administrator')
#5 C:\wamp\www\diaoc\yiiframework\web\CWebApplication.php(271): CWebApplication->createController('administrator/d...')
#6 C:\wamp\www\diaoc\yiiframework\web\CWebApplication.php(136): CWebApplication->runController('administrator/d...')
#7 C:\wamp\www\diaoc\yiiframework\base\CApplication.php(158): CWebApplication->processRequest()
#8 C:\wamp\www\diaoc\index.php(13): CApplication->run()
#9 {main} REQUEST_URI=/diaoc/index.php?r=administrator/default/action
2011/11/06 19:19:49 [error] [exception.CHttpException.404] exception 'CHttpException' with message 'The system is unable to find the requested action "action".' in C:\wamp\www\diaoc\yiiframework\web\CController.php:477
Stack trace:
#0 C:\wamp\www\diaoc\yiiframework\web\CController.php(262): CController->missingAction('action')
#1 C:\wamp\www\diaoc\yiiframework\web\CWebApplication.php(277): CController->run('action')
#2 C:\wamp\www\diaoc\yiiframework\web\CWebApplication.php(136): CWebApplication->runController('administrator/d...')
#3 C:\wamp\www\diaoc\yiiframework\base\CApplication.php(158): CWebApplication->processRequest()
#4 C:\wamp\www\diaoc\index.php(13): CApplication->run()
#5 {main} REQUEST_URI=/diaoc/index.php?r=administrator/default/action
2011/11/06 19:19:59 [error] [exception.CHttpException.404] exception 'CHttpException' with message 'The system is unable to find the requested action "index.php".' in C:\wamp\www\diaoc\yiiframework\web\CController.php:477
Stack trace:
#0 C:\wamp\www\diaoc\yiiframework\web\CController.php(262): CController->missingAction('index.php')
#1 C:\wamp\www\diaoc\yiiframework\web\CWebApplication.php(277): CController->run('index.php')
#2 C:\wamp\www\diaoc\yiiframework\web\CWebApplication.php(136): CWebApplication->runController('administrator/d...')
#3 C:\wamp\www\diaoc\yiiframework\base\CApplication.php(158): CWebApplication->processRequest()
#4 C:\wamp\www\diaoc\index.php(13): CApplication->run()
#5 {main} REQUEST_URI=/diaoc/index.php?r=administrator/default/index.php
2011/11/06 19:20:03 [error] [exception.CHttpException.404] exception 'CHttpException' with message 'The system is unable to find the requested action "index.".' in C:\wamp\www\diaoc\yiiframework\web\CController.php:477
Stack trace:
#0 C:\wamp\www\diaoc\yiiframework\web\CController.php(262): CController->missingAction('index.')
#1 C:\wamp\www\diaoc\yiiframework\web\CWebApplication.php(277): CController->run('index.')
#2 C:\wamp\www\diaoc\yiiframework\web\CWebApplication.php(136): CWebApplication->runController('administrator/d...')
#3 C:\wamp\www\diaoc\yiiframework\base\CApplication.php(158): CWebApplication->processRequest()
#4 C:\wamp\www\diaoc\index.php(13): CApplication->run()
#5 {main} REQUEST_URI=/diaoc/index.php?r=administrator/default/index.
2011/11/06 19:20:09 [error] [exception.CHttpException.404] exception 'CHttpException' with message 'The system is unable to find the requested action "action".' in C:\wamp\www\diaoc\yiiframework\web\CController.php:477
Stack trace:
#0 C:\wamp\www\diaoc\yiiframework\web\CController.php(262): CController->missingAction('action')
#1 C:\wamp\www\diaoc\yiiframework\web\CWebApplication.php(277): CController->run('action')
#2 C:\wamp\www\diaoc\yiiframework\web\CWebApplication.php(136): CWebApplication->runController('administrator/d...')
#3 C:\wamp\www\diaoc\yiiframework\base\CApplication.php(158): CWebApplication->processRequest()
#4 C:\wamp\www\diaoc\index.php(13): CApplication->run()
#5 {main} REQUEST_URI=/diaoc/index.php?r=administrator/default/action
2011/11/06 19:20:23 [error] [exception.CHttpException.404] exception 'CHttpException' with message 'The system is unable to find the requested action "action".' in C:\wamp\www\diaoc\yiiframework\web\CController.php:477
Stack trace:
#0 C:\wamp\www\diaoc\yiiframework\web\CController.php(262): CController->missingAction('action')
#1 C:\wamp\www\diaoc\yiiframework\web\CWebApplication.php(277): CController->run('action')
#2 C:\wamp\www\diaoc\yiiframework\web\CWebApplication.php(136): CWebApplication->runController('administrator/d...')
#3 C:\wamp\www\diaoc\yiiframework\base\CApplication.php(158): CWebApplication->processRequest()
#4 C:\wamp\www\diaoc\index.php(13): CApplication->run()
#5 {main} REQUEST_URI=/diaoc/index.php?r=administrator/default/action
2011/11/06 19:27:41 [error] [exception.CException] exception 'CException' with message 'Property "Administrator1Module.postPerPage" is not defined.' in C:\wamp\www\diaoc\yiiframework\base\CComponent.php:174
Stack trace:
#0 C:\wamp\www\diaoc\yiiframework\base\CModule.php(467): CComponent->__set('postPerPage', 20)
#1 C:\wamp\www\diaoc\yiiframework\base\CModule.php(69): CModule->configure(Array)
#2 C:\wamp\www\diaoc\yiiframework\YiiBase.php(211): CModule->__construct('administrator1', NULL, Array)
#3 C:\wamp\www\diaoc\yiiframework\base\CModule.php(266): YiiBase::createComponent('administrator1....', 'administrator1', NULL, Array)
#4 C:\wamp\www\diaoc\yiiframework\web\CWebApplication.php(332): CModule->getModule('administrator1')
#5 C:\wamp\www\diaoc\yiiframework\web\CWebApplication.php(271): CWebApplication->createController('administrator1')
#6 C:\wamp\www\diaoc\yiiframework\web\CWebApplication.php(136): CWebApplication->runController('administrator1')
#7 C:\wamp\www\diaoc\yiiframework\base\CApplication.php(158): CWebApplication->processRequest()
#8 C:\wamp\www\diaoc\index.php(13): CApplication->run()
#9 {main} REQUEST_URI=/diaoc/index.php?r=administrator1
2011/11/06 19:30:07 [error] [exception.CHttpException.404] exception 'CHttpException' with message 'The system is unable to find the requested action "create".' in C:\wamp\www\diaoc\yiiframework\web\CController.php:477
Stack trace:
#0 C:\wamp\www\diaoc\yiiframework\web\CController.php(262): CController->missingAction('create')
#1 C:\wamp\www\diaoc\yiiframework\web\CWebApplication.php(277): CController->run('create')
#2 C:\wamp\www\diaoc\yiiframework\web\CWebApplication.php(136): CWebApplication->runController('gii/model/creat...')
#3 C:\wamp\www\diaoc\yiiframework\base\CApplication.php(158): CWebApplication->processRequest()
#4 C:\wamp\www\diaoc\index.php(13): CApplication->run()
#5 {main} REQUEST_URI=/diaoc/index.php?r=gii/model/create
2011/11/07 15:23:13 [error] [exception.CHttpException.404] exception 'CHttpException' with message 'The system is unable to find the requested action "index".' in C:\wamp\www\diaoc\yiiframework\web\CController.php:477
Stack trace:
#0 C:\wamp\www\diaoc\yiiframework\web\CController.php(262): CController->missingAction('')
#1 C:\wamp\www\diaoc\yiiframework\web\CWebApplication.php(277): CController->run('')
#2 C:\wamp\www\diaoc\yiiframework\web\CWebApplication.php(136): CWebApplication->runController('home')
#3 C:\wamp\www\diaoc\yiiframework\base\CApplication.php(158): CWebApplication->processRequest()
#4 C:\wamp\www\diaoc\index.php(13): CApplication->run()
#5 {main} REQUEST_URI=/diaoc/index.php?r=home
2011/11/07 15:23:17 [error] [exception.CHttpException.404] exception 'CHttpException' with message 'The system is unable to find the requested action "index".' in C:\wamp\www\diaoc\yiiframework\web\CController.php:477
Stack trace:
#0 C:\wamp\www\diaoc\yiiframework\web\CController.php(262): CController->missingAction('index')
#1 C:\wamp\www\diaoc\yiiframework\web\CWebApplication.php(277): CController->run('index')
#2 C:\wamp\www\diaoc\yiiframework\web\CWebApplication.php(136): CWebApplication->runController('home/index')
#3 C:\wamp\www\diaoc\yiiframework\base\CApplication.php(158): CWebApplication->processRequest()
#4 C:\wamp\www\diaoc\index.php(13): CApplication->run()
#5 {main} REQUEST_URI=/diaoc/index.php?r=home/index
2011/11/07 15:23:30 [error] [exception.CHttpException.404] exception 'CHttpException' with message 'The system is unable to find the requested action "index".' in C:\wamp\www\diaoc\yiiframework\web\CController.php:477
Stack trace:
#0 C:\wamp\www\diaoc\yiiframework\web\CController.php(262): CController->missingAction('index')
#1 C:\wamp\www\diaoc\yiiframework\web\CWebApplication.php(277): CController->run('index')
#2 C:\wamp\www\diaoc\yiiframework\web\CWebApplication.php(136): CWebApplication->runController('home/index')
#3 C:\wamp\www\diaoc\yiiframework\base\CApplication.php(158): CWebApplication->processRequest()
#4 C:\wamp\www\diaoc\index.php(13): CApplication->run()
#5 {main} REQUEST_URI=/diaoc/index.php?r=home/index
2011/11/07 15:23:52 [error] [exception.CHttpException.404] exception 'CHttpException' with message 'The system is unable to find the requested action "index".' in C:\wamp\www\diaoc\yiiframework\web\CController.php:477
Stack trace:
#0 C:\wamp\www\diaoc\yiiframework\web\CController.php(262): CController->missingAction('')
#1 C:\wamp\www\diaoc\yiiframework\web\CWebApplication.php(277): CController->run('')
#2 C:\wamp\www\diaoc\yiiframework\web\CWebApplication.php(136): CWebApplication->runController('home')
#3 C:\wamp\www\diaoc\yiiframework\base\CApplication.php(158): CWebApplication->processRequest()
#4 C:\wamp\www\diaoc\index.php(13): CApplication->run()
#5 {main} REQUEST_URI=/diaoc/index.php?r=home
2011/11/08 17:13:17 [error] [exception.CHttpException.404] exception 'CHttpException' with message 'Unable to resolve the request "trangchu".' in C:\wamp\www\diaoc\yiiframework\web\CWebApplication.php:281
Stack trace:
#0 C:\wamp\www\diaoc\yiiframework\web\CWebApplication.php(136): CWebApplication->runController('')
#1 C:\wamp\www\diaoc\yiiframework\base\CApplication.php(158): CWebApplication->processRequest()
#2 C:\wamp\www\diaoc\index.php(13): CApplication->run()
#3 {main} REQUEST_URI=/diaoc/
2011/11/08 17:16:06 [error] [exception.CHttpException.404] exception 'CHttpException' with message 'Unable to resolve the request "trangchu".' in C:\wamp\www\diaoc\yiiframework\web\CWebApplication.php:281
Stack trace:
#0 C:\wamp\www\diaoc\yiiframework\web\CWebApplication.php(136): CWebApplication->runController('')
#1 C:\wamp\www\diaoc\yiiframework\base\CApplication.php(158): CWebApplication->processRequest()
#2 C:\wamp\www\diaoc\index.php(13): CApplication->run()
#3 {main} REQUEST_URI=/diaoc/
2011/11/08 17:16:34 [error] [exception.CDbException] exception 'CDbException' with message 'CDbConnection failed to open the DB connection: SQLSTATE[28000] [1045] Access denied for user 'root'@'localhost' (using password: YES)' in C:\wamp\www\diaoc\yiiframework\db\CDbConnection.php:364
Stack trace:
#0 C:\wamp\www\diaoc\yiiframework\db\CDbConnection.php(313): CDbConnection->open()
#1 C:\wamp\www\diaoc\yiiframework\db\CDbConnection.php(291): CDbConnection->setActive(true)
#2 C:\wamp\www\diaoc\yiiframework\base\CModule.php(372): CDbConnection->init()
#3 C:\wamp\www\diaoc\yiiframework\base\CModule.php(86): CModule->getComponent('db')
#4 C:\wamp\www\diaoc\yiiframework\gii\generators\model\ModelCode.php(54): CModule->__get('db')
#5 C:\wamp\www\diaoc\yiiframework\web\CFormModel.php(40): ModelCode->init()
#6 C:\wamp\www\diaoc\yiiframework\gii\CCodeGenerator.php(149): CFormModel->__construct()
#7 C:\wamp\www\diaoc\yiiframework\gii\CCodeGenerator.php(61): CCodeGenerator->prepare()
#8 C:\wamp\www\diaoc\yiiframework\web\actions\CInlineAction.php(50): CCodeGenerator->actionIndex()
#9 C:\wamp\www\diaoc\yiiframework\web\CController.php(300): CInlineAction->runWithParams(Array)
#10 C:\wamp\www\diaoc\yiiframework\web\CController.php(278): CController->runAction(Object(CInlineAction))
#11 C:\wamp\www\diaoc\yiiframework\web\CController.php(257): CController->runActionWithFilters(Object(CInlineAction), Array)
#12 C:\wamp\www\diaoc\yiiframework\web\CWebApplication.php(277): CController->run('')
#13 C:\wamp\www\diaoc\yiiframework\web\CWebApplication.php(136): CWebApplication->runController('gii/model')
#14 C:\wamp\www\diaoc\yiiframework\base\CApplication.php(158): CWebApplication->processRequest()
#15 C:\wamp\www\diaoc\index.php(13): CApplication->run()
#16 {main} REQUEST_URI=/diaoc/index.php?r=gii/model
2011/11/08 17:24:39 [error] [exception.CHttpException.404] exception 'CHttpException' with message 'Unable to resolve the request "trangchu".' in C:\wamp\www\diaoc\yiiframework\web\CWebApplication.php:281
Stack trace:
#0 C:\wamp\www\diaoc\yiiframework\web\CWebApplication.php(136): CWebApplication->runController('')
#1 C:\wamp\www\diaoc\yiiframework\base\CApplication.php(158): CWebApplication->processRequest()
#2 C:\wamp\www\diaoc\index.php(13): CApplication->run()
#3 {main} REQUEST_URI=/diaoc/
2011/11/08 17:24:54 [error] [exception.CHttpException.404] exception 'CHttpException' with message 'Unable to resolve the request "khahangcanham".' in C:\wamp\www\diaoc\yiiframework\web\CWebApplication.php:281
Stack trace:
#0 C:\wamp\www\diaoc\yiiframework\web\CWebApplication.php(136): CWebApplication->runController('khahangcanham')
#1 C:\wamp\www\diaoc\yiiframework\base\CApplication.php(158): CWebApplication->processRequest()
#2 C:\wamp\www\diaoc\index.php(13): CApplication->run()
#3 {main} REQUEST_URI=/diaoc/index.php?r=khahangcanham
2011/11/08 17:50:06 [error] [exception.CException] exception 'CException' with message 'TrangchuController cannot find the requested view "index".' in C:\wamp\www\diaoc\yiiframework\web\CController.php:875
Stack trace:
#0 C:\wamp\www\diaoc\yiiframework\web\CController.php(779): CController->renderPartial('index', NULL, true)
#1 C:\wamp\www\diaoc\protected\controllers\TrangchuController.php(7): CController->render('index')
#2 C:\wamp\www\diaoc\yiiframework\web\actions\CInlineAction.php(50): TrangchuController->actionIndex()
#3 C:\wamp\www\diaoc\yiiframework\web\CController.php(300): CInlineAction->runWithParams(Array)
#4 C:\wamp\www\diaoc\yiiframework\web\CController.php(278): CController->runAction(Object(CInlineAction))
#5 C:\wamp\www\diaoc\yiiframework\web\CController.php(257): CController->runActionWithFilters(Object(CInlineAction), Array)
#6 C:\wamp\www\diaoc\yiiframework\web\CWebApplication.php(277): CController->run('index')
#7 C:\wamp\www\diaoc\yiiframework\web\CWebApplication.php(136): CWebApplication->runController('trangchu/index')
#8 C:\wamp\www\diaoc\yiiframework\base\CApplication.php(158): CWebApplication->processRequest()
#9 C:\wamp\www\diaoc\index.php(13): CApplication->run()
#10 {main} REQUEST_URI=/diaoc/index.php?r=trangchu/index
2011/11/08 17:51:39 [error] [exception.CException] exception 'CException' with message 'TrangchuController cannot find the requested view "index".' in C:\wamp\www\diaoc\yiiframework\web\CController.php:875
Stack trace:
#0 C:\wamp\www\diaoc\yiiframework\web\CController.php(779): CController->renderPartial('index', NULL, true)
#1 C:\wamp\www\diaoc\protected\controllers\TrangchuController.php(7): CController->render('index')
#2 C:\wamp\www\diaoc\yiiframework\web\actions\CInlineAction.php(50): TrangchuController->actionIndex()
#3 C:\wamp\www\diaoc\yiiframework\web\CController.php(300): CInlineAction->runWithParams(Array)
#4 C:\wamp\www\diaoc\yiiframework\web\CController.php(278): CController->runAction(Object(CInlineAction))
#5 C:\wamp\www\diaoc\yiiframework\web\CController.php(257): CController->runActionWithFilters(Object(CInlineAction), Array)
#6 C:\wamp\www\diaoc\yiiframework\web\CWebApplication.php(277): CController->run('index')
#7 C:\wamp\www\diaoc\yiiframework\web\CWebApplication.php(136): CWebApplication->runController('trangchu/index')
#8 C:\wamp\www\diaoc\yiiframework\base\CApplication.php(158): CWebApplication->processRequest()
#9 C:\wamp\www\diaoc\index.php(13): CApplication->run()
#10 {main} REQUEST_URI=/diaoc/index.php?r=trangchu/index
2011/11/08 17:51:47 [error] [exception.CException] exception 'CException' with message 'TrangchuController cannot find the requested view "index".' in C:\wamp\www\diaoc\yiiframework\web\CController.php:875
Stack trace:
#0 C:\wamp\www\diaoc\yiiframework\web\CController.php(779): CController->renderPartial('index', NULL, true)
#1 C:\wamp\www\diaoc\protected\controllers\TrangchuController.php(7): CController->render('index')
#2 C:\wamp\www\diaoc\yiiframework\web\actions\CInlineAction.php(50): TrangchuController->actionIndex()
#3 C:\wamp\www\diaoc\yiiframework\web\CController.php(300): CInlineAction->runWithParams(Array)
#4 C:\wamp\www\diaoc\yiiframework\web\CController.php(278): CController->runAction(Object(CInlineAction))
#5 C:\wamp\www\diaoc\yiiframework\web\CController.php(257): CController->runActionWithFilters(Object(CInlineAction), Array)
#6 C:\wamp\www\diaoc\yiiframework\web\CWebApplication.php(277): CController->run('')
#7 C:\wamp\www\diaoc\yiiframework\web\CWebApplication.php(136): CWebApplication->runController('')
#8 C:\wamp\www\diaoc\yiiframework\base\CApplication.php(158): CWebApplication->processRequest()
#9 C:\wamp\www\diaoc\index.php(13): CApplication->run()
#10 {main} REQUEST_URI=/diaoc/index.php
2011/11/08 17:51:54 [error] [exception.CException] exception 'CException' with message 'TrangchuController cannot find the requested view "index".' in C:\wamp\www\diaoc\yiiframework\web\CController.php:875
Stack trace:
#0 C:\wamp\www\diaoc\yiiframework\web\CController.php(779): CController->renderPartial('index', NULL, true)
#1 C:\wamp\www\diaoc\protected\controllers\TrangchuController.php(7): CController->render('index')
#2 C:\wamp\www\diaoc\yiiframework\web\actions\CInlineAction.php(50): TrangchuController->actionIndex()
#3 C:\wamp\www\diaoc\yiiframework\web\CController.php(300): CInlineAction->runWithParams(Array)
#4 C:\wamp\www\diaoc\yiiframework\web\CController.php(278): CController->runAction(Object(CInlineAction))
#5 C:\wamp\www\diaoc\yiiframework\web\CController.php(257): CController->runActionWithFilters(Object(CInlineAction), Array)
#6 C:\wamp\www\diaoc\yiiframework\web\CWebApplication.php(277): CController->run('index')
#7 C:\wamp\www\diaoc\yiiframework\web\CWebApplication.php(136): CWebApplication->runController('trangchu/index')
#8 C:\wamp\www\diaoc\yiiframework\base\CApplication.php(158): CWebApplication->processRequest()
#9 C:\wamp\www\diaoc\index.php(13): CApplication->run()
#10 {main} REQUEST_URI=/diaoc/index.php?r=trangchu/index
2011/11/11 14:31:34 [error] [exception.CException] exception 'CException' with message 'KhachhangCanhanController cannot find the requested view "dangnhap".' in C:\wamp\www\diaoc\yiiframework\web\CController.php:875
Stack trace:
#0 C:\wamp\www\diaoc\yiiframework\web\CController.php(779): CController->renderPartial('dangnhap', NULL, true)
#1 C:\wamp\www\diaoc\protected\controllers\KhachhangCanhanController.php(178): CController->render('dangnhap')
#2 C:\wamp\www\diaoc\yiiframework\web\actions\CInlineAction.php(50): KhachhangCanhanController->actionDangnhap()
#3 C:\wamp\www\diaoc\yiiframework\web\CController.php(300): CInlineAction->runWithParams(Array)
#4 C:\wamp\www\diaoc\yiiframework\web\filters\CFilterChain.php(134): CController->runAction(Object(CInlineAction))
#5 C:\wamp\www\diaoc\yiiframework\web\filters\CFilter.php(41): CFilterChain->run()
#6 C:\wamp\www\diaoc\yiiframework\web\CController.php(1144): CFilter->filter(Object(CFilterChain))
#7 C:\wamp\www\diaoc\yiiframework\web\filters\CInlineFilter.php(59): CController->filterAccessControl(Object(CFilterChain))
#8 C:\wamp\www\diaoc\yiiframework\web\filters\CFilterChain.php(131): CInlineFilter->filter(Object(CFilterChain))
#9 C:\wamp\www\diaoc\yiiframework\web\CController.php(283): CFilterChain->run()
#10 C:\wamp\www\diaoc\yiiframework\web\CController.php(257): CController->runActionWithFilters(Object(CInlineAction), Array)
#11 C:\wamp\www\diaoc\yiiframework\web\CWebApplication.php(277): CController->run('dangnhap')
#12 C:\wamp\www\diaoc\yiiframework\web\CWebApplication.php(136): CWebApplication->runController('KhachhangCanhan...')
#13 C:\wamp\www\diaoc\yiiframework\base\CApplication.php(158): CWebApplication->processRequest()
#14 C:\wamp\www\diaoc\index.php(13): CApplication->run()
#15 {main} REQUEST_URI=/diaoc/index.php?r=KhachhangCanhan/dangnhap
2011/11/11 14:52:41 [error] [php] Undefined variable: model (C:\wamp\www\diaoc\protected\views\khachhangCanhan\dangnhap.php:23)
Stack trace:
#0 C:\wamp\www\diaoc\yiiframework\web\CController.php(866): KhachhangCanhanController->renderFile()
#1 C:\wamp\www\diaoc\yiiframework\web\CController.php(779): KhachhangCanhanController->renderPartial()
#2 C:\wamp\www\diaoc\protected\controllers\KhachhangCanhanController.php(178): KhachhangCanhanController->render()
#3 C:\wamp\www\diaoc\yiiframework\web\actions\CInlineAction.php(50): KhachhangCanhanController->actionDangnhap()
#4 C:\wamp\www\diaoc\yiiframework\web\CController.php(300): CInlineAction->runWithParams()
#5 C:\wamp\www\diaoc\yiiframework\web\filters\CFilterChain.php(134): KhachhangCanhanController->runAction()
#6 C:\wamp\www\diaoc\yiiframework\web\filters\CFilter.php(41): CFilterChain->run()
#7 C:\wamp\www\diaoc\yiiframework\web\CController.php(1144): CAccessControlFilter->filter()
#8 C:\wamp\www\diaoc\yiiframework\web\filters\CInlineFilter.php(59): KhachhangCanhanController->filterAccessControl()
#9 C:\wamp\www\diaoc\yiiframework\web\filters\CFilterChain.php(131): CInlineFilter->filter()
#10 C:\wamp\www\diaoc\yiiframework\web\CController.php(283): CFilterChain->run()
#11 C:\wamp\www\diaoc\yiiframework\web\CController.php(257): KhachhangCanhanController->runActionWithFilters()
#12 C:\wamp\www\diaoc\yiiframework\web\CWebApplication.php(277): KhachhangCanhanController->run()
#13 C:\wamp\www\diaoc\yiiframework\web\CWebApplication.php(136): CWebApplication->runController()
#14 C:\wamp\www\diaoc\yiiframework\base\CApplication.php(158): CWebApplication->processRequest()
#15 C:\wamp\www\diaoc\index.php(13): CWebApplication->run()
REQUEST_URI=/diaoc/index.php?r=KhachhangCanhan/dangnhap
in C:\wamp\www\diaoc\protected\views\khachhangCanhan\dangnhap.php (23)
in C:\wamp\www\diaoc\protected\controllers\KhachhangCanhanController.php (178)
in C:\wamp\www\diaoc\index.php (13)
2011/11/11 14:52:57 [error] [php] Undefined variable: model (C:\wamp\www\diaoc\protected\views\khachhangCanhan\dangnhap.php:23)
Stack trace:
#0 C:\wamp\www\diaoc\yiiframework\web\CController.php(866): KhachhangCanhanController->renderFile()
#1 C:\wamp\www\diaoc\yiiframework\web\CController.php(779): KhachhangCanhanController->renderPartial()
#2 C:\wamp\www\diaoc\protected\controllers\KhachhangCanhanController.php(178): KhachhangCanhanController->render()
#3 C:\wamp\www\diaoc\yiiframework\web\actions\CInlineAction.php(50): KhachhangCanhanController->actionDangnhap()
#4 C:\wamp\www\diaoc\yiiframework\web\CController.php(300): CInlineAction->runWithParams()
#5 C:\wamp\www\diaoc\yiiframework\web\filters\CFilterChain.php(134): KhachhangCanhanController->runAction()
#6 C:\wamp\www\diaoc\yiiframework\web\filters\CFilter.php(41): CFilterChain->run()
#7 C:\wamp\www\diaoc\yiiframework\web\CController.php(1144): CAccessControlFilter->filter()
#8 C:\wamp\www\diaoc\yiiframework\web\filters\CInlineFilter.php(59): KhachhangCanhanController->filterAccessControl()
#9 C:\wamp\www\diaoc\yiiframework\web\filters\CFilterChain.php(131): CInlineFilter->filter()
#10 C:\wamp\www\diaoc\yiiframework\web\CController.php(283): CFilterChain->run()
#11 C:\wamp\www\diaoc\yiiframework\web\CController.php(257): KhachhangCanhanController->runActionWithFilters()
#12 C:\wamp\www\diaoc\yiiframework\web\CWebApplication.php(277): KhachhangCanhanController->run()
#13 C:\wamp\www\diaoc\yiiframework\web\CWebApplication.php(136): CWebApplication->runController()
#14 C:\wamp\www\diaoc\yiiframework\base\CApplication.php(158): CWebApplication->processRequest()
#15 C:\wamp\www\diaoc\index.php(13): CWebApplication->run()
REQUEST_URI=/diaoc/index.php?r=KhachhangCanhan/dangnhap
in C:\wamp\www\diaoc\protected\views\khachhangCanhan\dangnhap.php (23)
in C:\wamp\www\diaoc\protected\controllers\KhachhangCanhanController.php (178)
in C:\wamp\www\diaoc\index.php (13)
2011/11/11 15:23:59 [error] [exception.CException] exception 'CException' with message 'KhachhangCanhanController contains improperly nested widget tags in its view "C:\wamp\www\diaoc\protected\views\khachhangcanhan\dangnhap.php". A CContentDecorator widget does not have an endWidget() call.' in C:\wamp\www\diaoc\yiiframework\web\CBaseController.php:94
Stack trace:
#0 C:\wamp\www\diaoc\yiiframework\web\CController.php(866): CBaseController->renderFile('C:\wamp\www\dia...', NULL, true)
#1 C:\wamp\www\diaoc\yiiframework\web\CController.php(779): CController->renderPartial('dangnhap', NULL, true)
#2 C:\wamp\www\diaoc\protected\controllers\KhachhangCanhanController.php(178): CController->render('dangnhap')
#3 C:\wamp\www\diaoc\yiiframework\web\actions\CInlineAction.php(50): KhachhangCanhanController->actionDangnhap()
#4 C:\wamp\www\diaoc\yiiframework\web\CController.php(300): CInlineAction->runWithParams(Array)
#5 C:\wamp\www\diaoc\yiiframework\web\filters\CFilterChain.php(134): CController->runAction(Object(CInlineAction))
#6 C:\wamp\www\diaoc\yiiframework\web\filters\CFilter.php(41): CFilterChain->run()
#7 C:\wamp\www\diaoc\yiiframework\web\CController.php(1144): CFilter->filter(Object(CFilterChain))
#8 C:\wamp\www\diaoc\yiiframework\web\filters\CInlineFilter.php(59): CController->filterAccessControl(Object(CFilterChain))
#9 C:\wamp\www\diaoc\yiiframework\web\filters\CFilterChain.php(131): CInlineFilter->filter(Object(CFilterChain))
#10 C:\wamp\www\diaoc\yiiframework\web\CController.php(283): CFilterChain->run()
#11 C:\wamp\www\diaoc\yiiframework\web\CController.php(257): CController->runActionWithFilters(Object(CInlineAction), Array)
#12 C:\wamp\www\diaoc\yiiframework\web\CWebApplication.php(277): CController->run('dangnhap')
#13 C:\wamp\www\diaoc\yiiframework\web\CWebApplication.php(136): CWebApplication->runController('KhachhangCanhan...')
#14 C:\wamp\www\diaoc\yiiframework\base\CApplication.php(158): CWebApplication->processRequest()
#15 C:\wamp\www\diaoc\index.php(13): CApplication->run()
#16 {main} REQUEST_URI=/diaoc/index.php?r=KhachhangCanhan/dangnhap
2011/11/11 15:24:03 [error] [exception.CException] exception 'CException' with message 'KhachhangCanhanController contains improperly nested widget tags in its view "C:\wamp\www\diaoc\protected\views\khachhangcanhan\dangnhap.php". A CContentDecorator widget does not have an endWidget() call.' in C:\wamp\www\diaoc\yiiframework\web\CBaseController.php:94
Stack trace:
#0 C:\wamp\www\diaoc\yiiframework\web\CController.php(866): CBaseController->renderFile('C:\wamp\www\dia...', NULL, true)
#1 C:\wamp\www\diaoc\yiiframework\web\CController.php(779): CController->renderPartial('dangnhap', NULL, true)
#2 C:\wamp\www\diaoc\protected\controllers\KhachhangCanhanController.php(178): CController->render('dangnhap')
#3 C:\wamp\www\diaoc\yiiframework\web\actions\CInlineAction.php(50): KhachhangCanhanController->actionDangnhap()
#4 C:\wamp\www\diaoc\yiiframework\web\CController.php(300): CInlineAction->runWithParams(Array)
#5 C:\wamp\www\diaoc\yiiframework\web\filters\CFilterChain.php(134): CController->runAction(Object(CInlineAction))
#6 C:\wamp\www\diaoc\yiiframework\web\filters\CFilter.php(41): CFilterChain->run()
#7 C:\wamp\www\diaoc\yiiframework\web\CController.php(1144): CFilter->filter(Object(CFilterChain))
#8 C:\wamp\www\diaoc\yiiframework\web\filters\CInlineFilter.php(59): CController->filterAccessControl(Object(CFilterChain))
#9 C:\wamp\www\diaoc\yiiframework\web\filters\CFilterChain.php(131): CInlineFilter->filter(Object(CFilterChain))
#10 C:\wamp\www\diaoc\yiiframework\web\CController.php(283): CFilterChain->run()
#11 C:\wamp\www\diaoc\yiiframework\web\CController.php(257): CController->runActionWithFilters(Object(CInlineAction), Array)
#12 C:\wamp\www\diaoc\yiiframework\web\CWebApplication.php(277): CController->run('dangnhap')
#13 C:\wamp\www\diaoc\yiiframework\web\CWebApplication.php(136): CWebApplication->runController('KhachhangCanhan...')
#14 C:\wamp\www\diaoc\yiiframework\base\CApplication.php(158): CWebApplication->processRequest()
#15 C:\wamp\www\diaoc\index.php(13): CApplication->run()
#16 {main} REQUEST_URI=/diaoc/index.php?r=KhachhangCanhan/dangnhap
2011/11/11 15:36:39 [error] [php] Undefined variable: model (C:\wamp\www\diaoc\protected\views\khachhangCanhan\dangnhap.php:23)
Stack trace:
#0 C:\wamp\www\diaoc\yiiframework\web\CController.php(866): KhachhangCanhanController->renderFile()
#1 C:\wamp\www\diaoc\yiiframework\web\CController.php(779): KhachhangCanhanController->renderPartial()
#2 C:\wamp\www\diaoc\protected\controllers\KhachhangCanhanController.php(177): KhachhangCanhanController->render()
#3 C:\wamp\www\diaoc\yiiframework\web\actions\CInlineAction.php(50): KhachhangCanhanController->actionDangnhap()
#4 C:\wamp\www\diaoc\yiiframework\web\CController.php(300): CInlineAction->runWithParams()
#5 C:\wamp\www\diaoc\yiiframework\web\filters\CFilterChain.php(134): KhachhangCanhanController->runAction()
#6 C:\wamp\www\diaoc\yiiframework\web\filters\CFilter.php(41): CFilterChain->run()
#7 C:\wamp\www\diaoc\yiiframework\web\CController.php(1144): CAccessControlFilter->filter()
#8 C:\wamp\www\diaoc\yiiframework\web\filters\CInlineFilter.php(59): KhachhangCanhanController->filterAccessControl()
#9 C:\wamp\www\diaoc\yiiframework\web\filters\CFilterChain.php(131): CInlineFilter->filter()
#10 C:\wamp\www\diaoc\yiiframework\web\CController.php(283): CFilterChain->run()
#11 C:\wamp\www\diaoc\yiiframework\web\CController.php(257): KhachhangCanhanController->runActionWithFilters()
#12 C:\wamp\www\diaoc\yiiframework\web\CWebApplication.php(277): KhachhangCanhanController->run()
#13 C:\wamp\www\diaoc\yiiframework\web\CWebApplication.php(136): CWebApplication->runController()
#14 C:\wamp\www\diaoc\yiiframework\base\CApplication.php(158): CWebApplication->processRequest()
#15 C:\wamp\www\diaoc\index.php(13): CWebApplication->run()
REQUEST_URI=/diaoc/index.php?r=khachhangcanhan/dangnhap
in C:\wamp\www\diaoc\protected\views\khachhangCanhan\dangnhap.php (23)
in C:\wamp\www\diaoc\protected\controllers\KhachhangCanhanController.php (177)
in C:\wamp\www\diaoc\index.php (13)
2011/11/11 15:36:41 [error] [php] Undefined variable: model (C:\wamp\www\diaoc\protected\views\khachhangCanhan\dangnhap.php:23)
Stack trace:
#0 C:\wamp\www\diaoc\yiiframework\web\CController.php(866): KhachhangCanhanController->renderFile()
#1 C:\wamp\www\diaoc\yiiframework\web\CController.php(779): KhachhangCanhanController->renderPartial()
#2 C:\wamp\www\diaoc\protected\controllers\KhachhangCanhanController.php(177): KhachhangCanhanController->render()
#3 C:\wamp\www\diaoc\yiiframework\web\actions\CInlineAction.php(50): KhachhangCanhanController->actionDangnhap()
#4 C:\wamp\www\diaoc\yiiframework\web\CController.php(300): CInlineAction->runWithParams()
#5 C:\wamp\www\diaoc\yiiframework\web\filters\CFilterChain.php(134): KhachhangCanhanController->runAction()
#6 C:\wamp\www\diaoc\yiiframework\web\filters\CFilter.php(41): CFilterChain->run()
#7 C:\wamp\www\diaoc\yiiframework\web\CController.php(1144): CAccessControlFilter->filter()
#8 C:\wamp\www\diaoc\yiiframework\web\filters\CInlineFilter.php(59): KhachhangCanhanController->filterAccessControl()
#9 C:\wamp\www\diaoc\yiiframework\web\filters\CFilterChain.php(131): CInlineFilter->filter()
#10 C:\wamp\www\diaoc\yiiframework\web\CController.php(283): CFilterChain->run()
#11 C:\wamp\www\diaoc\yiiframework\web\CController.php(257): KhachhangCanhanController->runActionWithFilters()
#12 C:\wamp\www\diaoc\yiiframework\web\CWebApplication.php(277): KhachhangCanhanController->run()
#13 C:\wamp\www\diaoc\yiiframework\web\CWebApplication.php(136): CWebApplication->runController()
#14 C:\wamp\www\diaoc\yiiframework\base\CApplication.php(158): CWebApplication->processRequest()
#15 C:\wamp\www\diaoc\index.php(13): CWebApplication->run()
REQUEST_URI=/diaoc/index.php?r=khachhangcanhan/dangnhap
in C:\wamp\www\diaoc\protected\views\khachhangCanhan\dangnhap.php (23)
in C:\wamp\www\diaoc\protected\controllers\KhachhangCanhanController.php (177)
in C:\wamp\www\diaoc\index.php (13)
2011/11/11 15:47:11 [error] [php] Undefined variable: model (C:\wamp\www\diaoc\protected\views\khachhangCanhan\dangnhap.php:23)
Stack trace:
#0 C:\wamp\www\diaoc\yiiframework\web\CController.php(866): KhachhangCanhanController->renderFile()
#1 C:\wamp\www\diaoc\yiiframework\web\CController.php(779): KhachhangCanhanController->renderPartial()
#2 C:\wamp\www\diaoc\protected\controllers\KhachhangCanhanController.php(177): KhachhangCanhanController->render()
#3 C:\wamp\www\diaoc\yiiframework\web\actions\CInlineAction.php(50): KhachhangCanhanController->actionDangnhap()
#4 C:\wamp\www\diaoc\yiiframework\web\CController.php(300): CInlineAction->runWithParams()
#5 C:\wamp\www\diaoc\yiiframework\web\filters\CFilterChain.php(134): KhachhangCanhanController->runAction()
#6 C:\wamp\www\diaoc\yiiframework\web\filters\CFilter.php(41): CFilterChain->run()
#7 C:\wamp\www\diaoc\yiiframework\web\CController.php(1144): CAccessControlFilter->filter()
#8 C:\wamp\www\diaoc\yiiframework\web\filters\CInlineFilter.php(59): KhachhangCanhanController->filterAccessControl()
#9 C:\wamp\www\diaoc\yiiframework\web\filters\CFilterChain.php(131): CInlineFilter->filter()
#10 C:\wamp\www\diaoc\yiiframework\web\CController.php(283): CFilterChain->run()
#11 C:\wamp\www\diaoc\yiiframework\web\CController.php(257): KhachhangCanhanController->runActionWithFilters()
#12 C:\wamp\www\diaoc\yiiframework\web\CWebApplication.php(277): KhachhangCanhanController->run()
#13 C:\wamp\www\diaoc\yiiframework\web\CWebApplication.php(136): CWebApplication->runController()
#14 C:\wamp\www\diaoc\yiiframework\base\CApplication.php(158): CWebApplication->processRequest()
#15 C:\wamp\www\diaoc\index.php(13): CWebApplication->run()
REQUEST_URI=/diaoc/index.php?r=khachhangcanhan/dangnhap
in C:\wamp\www\diaoc\protected\views\khachhangCanhan\dangnhap.php (23)
in C:\wamp\www\diaoc\protected\controllers\KhachhangCanhanController.php (177)
in C:\wamp\www\diaoc\index.php (13)
2011/11/11 15:47:18 [error] [php] Undefined variable: model (C:\wamp\www\diaoc\protected\views\khachhangCanhan\dangnhap.php:23)
Stack trace:
#0 C:\wamp\www\diaoc\yiiframework\web\CController.php(866): KhachhangCanhanController->renderFile()
#1 C:\wamp\www\diaoc\yiiframework\web\CController.php(779): KhachhangCanhanController->renderPartial()
#2 C:\wamp\www\diaoc\protected\controllers\KhachhangCanhanController.php(177): KhachhangCanhanController->render()
#3 C:\wamp\www\diaoc\yiiframework\web\actions\CInlineAction.php(50): KhachhangCanhanController->actionDangnhap()
#4 C:\wamp\www\diaoc\yiiframework\web\CController.php(300): CInlineAction->runWithParams()
#5 C:\wamp\www\diaoc\yiiframework\web\filters\CFilterChain.php(134): KhachhangCanhanController->runAction()
#6 C:\wamp\www\diaoc\yiiframework\web\filters\CFilter.php(41): CFilterChain->run()
#7 C:\wamp\www\diaoc\yiiframework\web\CController.php(1144): CAccessControlFilter->filter()
#8 C:\wamp\www\diaoc\yiiframework\web\filters\CInlineFilter.php(59): KhachhangCanhanController->filterAccessControl()
#9 C:\wamp\www\diaoc\yiiframework\web\filters\CFilterChain.php(131): CInlineFilter->filter()
#10 C:\wamp\www\diaoc\yiiframework\web\CController.php(283): CFilterChain->run()
#11 C:\wamp\www\diaoc\yiiframework\web\CController.php(257): KhachhangCanhanController->runActionWithFilters()
#12 C:\wamp\www\diaoc\yiiframework\web\CWebApplication.php(277): KhachhangCanhanController->run()
#13 C:\wamp\www\diaoc\yiiframework\web\CWebApplication.php(136): CWebApplication->runController()
#14 C:\wamp\www\diaoc\yiiframework\base\CApplication.php(158): CWebApplication->processRequest()
#15 C:\wamp\www\diaoc\index.php(13): CWebApplication->run()
REQUEST_URI=/diaoc/index.php?r=khachhangcanhan/dangnhap
in C:\wamp\www\diaoc\protected\views\khachhangCanhan\dangnhap.php (23)
in C:\wamp\www\diaoc\protected\controllers\KhachhangCanhanController.php (177)
in C:\wamp\www\diaoc\index.php (13)
