2011/11/06 14:35:47 [error] [exception.CDbException] exception 'CDbException' with message 'CDbConnection failed to open the DB connection: could not find driver' in D:\AppServ\www\sundayvn\diaoc\yiiframework\db\CDbConnection.php:364
Stack trace:
#0 D:\AppServ\www\sundayvn\diaoc\yiiframework\db\CDbConnection.php(313): CDbConnection->open()
#1 D:\AppServ\www\sundayvn\diaoc\yiiframework\db\CDbConnection.php(291): CDbConnection->setActive(true)
#2 D:\AppServ\www\sundayvn\diaoc\yiiframework\base\CModule.php(372): CDbConnection->init()
#3 D:\AppServ\www\sundayvn\diaoc\yiiframework\base\CModule.php(86): CModule->getComponent('db')
#4 D:\AppServ\www\sundayvn\diaoc\yiiframework\gii\generators\model\ModelCode.php(54): CModule->__get('db')
#5 D:\AppServ\www\sundayvn\diaoc\yiiframework\web\CFormModel.php(40): ModelCode->init()
#6 D:\AppServ\www\sundayvn\diaoc\yiiframework\gii\CCodeGenerator.php(149): CFormModel->__construct()
#7 D:\AppServ\www\sundayvn\diaoc\yiiframework\gii\CCodeGenerator.php(61): CCodeGenerator->prepare()
#8 D:\AppServ\www\sundayvn\diaoc\yiiframework\web\actions\CInlineAction.php(50): CCodeGenerator->actionIndex()
#9 D:\AppServ\www\sundayvn\diaoc\yiiframework\web\CController.php(300): CInlineAction->runWithParams(Array)
#10 D:\AppServ\www\sundayvn\diaoc\yiiframework\web\CController.php(278): CController->runAction(Object(CInlineAction))
#11 D:\AppServ\www\sundayvn\diaoc\yiiframework\web\CController.php(257): CController->runActionWithFilters(Object(CInlineAction), Array)
#12 D:\AppServ\www\sundayvn\diaoc\yiiframework\web\CWebApplication.php(277): CController->run('')
#13 D:\AppServ\www\sundayvn\diaoc\yiiframework\web\CWebApplication.php(136): CWebApplication->runController('gii/model')
#14 D:\AppServ\www\sundayvn\diaoc\yiiframework\base\CApplication.php(158): CWebApplication->processRequest()
#15 D:\AppServ\www\sundayvn\diaoc\index.php(13): CApplication->run()
#16 {main} REQUEST_URI=/sundayvn/diaoc/index.php?r=gii/model
2011/11/06 14:40:03 [error] [exception.CDbException] exception 'CDbException' with message 'CDbConnection failed to open the DB connection: could not find driver' in D:\AppServ\www\sundayvn\diaoc\yiiframework\db\CDbConnection.php:364
Stack trace:
#0 D:\AppServ\www\sundayvn\diaoc\yiiframework\db\CDbConnection.php(313): CDbConnection->open()
#1 D:\AppServ\www\sundayvn\diaoc\yiiframework\db\CDbConnection.php(291): CDbConnection->setActive(true)
#2 D:\AppServ\www\sundayvn\diaoc\yiiframework\base\CModule.php(372): CDbConnection->init()
#3 D:\AppServ\www\sundayvn\diaoc\yiiframework\base\CModule.php(86): CModule->getComponent('db')
#4 D:\AppServ\www\sundayvn\diaoc\yiiframework\gii\generators\crud\CrudCode.php(44): CModule->__get('db')
#5 D:\AppServ\www\sundayvn\diaoc\yiiframework\web\CFormModel.php(40): CrudCode->init()
#6 D:\AppServ\www\sundayvn\diaoc\yiiframework\gii\CCodeGenerator.php(149): CFormModel->__construct()
#7 D:\AppServ\www\sundayvn\diaoc\yiiframework\gii\CCodeGenerator.php(61): CCodeGenerator->prepare()
#8 D:\AppServ\www\sundayvn\diaoc\yiiframework\web\actions\CInlineAction.php(50): CCodeGenerator->actionIndex()
#9 D:\AppServ\www\sundayvn\diaoc\yiiframework\web\CController.php(300): CInlineAction->runWithParams(Array)
#10 D:\AppServ\www\sundayvn\diaoc\yiiframework\web\CController.php(278): CController->runAction(Object(CInlineAction))
#11 D:\AppServ\www\sundayvn\diaoc\yiiframework\web\CController.php(257): CController->runActionWithFilters(Object(CInlineAction), Array)
#12 D:\AppServ\www\sundayvn\diaoc\yiiframework\web\CWebApplication.php(277): CController->run('')
#13 D:\AppServ\www\sundayvn\diaoc\yiiframework\web\CWebApplication.php(136): CWebApplication->runController('gii/crud')
#14 D:\AppServ\www\sundayvn\diaoc\yiiframework\base\CApplication.php(158): CWebApplication->processRequest()
#15 D:\AppServ\www\sundayvn\diaoc\index.php(13): CApplication->run()
#16 {main} REQUEST_URI=/sundayvn/diaoc/index.php?r=gii/crud
2011/11/06 14:41:22 [error] [exception.CDbException] exception 'CDbException' with message 'CDbConnection failed to open the DB connection: could not find driver' in D:\AppServ\www\sundayvn\diaoc\yiiframework\db\CDbConnection.php:364
Stack trace:
#0 D:\AppServ\www\sundayvn\diaoc\yiiframework\db\CDbConnection.php(313): CDbConnection->open()
#1 D:\AppServ\www\sundayvn\diaoc\yiiframework\db\CDbConnection.php(291): CDbConnection->setActive(true)
#2 D:\AppServ\www\sundayvn\diaoc\yiiframework\base\CModule.php(372): CDbConnection->init()
#3 D:\AppServ\www\sundayvn\diaoc\yiiframework\base\CModule.php(86): CModule->getComponent('db')
#4 D:\AppServ\www\sundayvn\diaoc\yiiframework\gii\generators\crud\CrudCode.php(44): CModule->__get('db')
#5 D:\AppServ\www\sundayvn\diaoc\yiiframework\web\CFormModel.php(40): CrudCode->init()
#6 D:\AppServ\www\sundayvn\diaoc\yiiframework\gii\CCodeGenerator.php(149): CFormModel->__construct()
#7 D:\AppServ\www\sundayvn\diaoc\yiiframework\gii\CCodeGenerator.php(61): CCodeGenerator->prepare()
#8 D:\AppServ\www\sundayvn\diaoc\yiiframework\web\actions\CInlineAction.php(50): CCodeGenerator->actionIndex()
#9 D:\AppServ\www\sundayvn\diaoc\yiiframework\web\CController.php(300): CInlineAction->runWithParams(Array)
#10 D:\AppServ\www\sundayvn\diaoc\yiiframework\web\CController.php(278): CController->runAction(Object(CInlineAction))
#11 D:\AppServ\www\sundayvn\diaoc\yiiframework\web\CController.php(257): CController->runActionWithFilters(Object(CInlineAction), Array)
#12 D:\AppServ\www\sundayvn\diaoc\yiiframework\web\CWebApplication.php(277): CController->run('')
#13 D:\AppServ\www\sundayvn\diaoc\yiiframework\web\CWebApplication.php(136): CWebApplication->runController('gii/crud')
#14 D:\AppServ\www\sundayvn\diaoc\yiiframework\base\CApplication.php(158): CWebApplication->processRequest()
#15 D:\AppServ\www\sundayvn\diaoc\index.php(13): CApplication->run()
#16 {main} REQUEST_URI=/sundayvn/diaoc/index.php?r=gii/crud
2011/11/06 14:41:32 [error] [exception.CDbException] exception 'CDbException' with message 'CDbConnection failed to open the DB connection: could not find driver' in D:\AppServ\www\sundayvn\diaoc\yiiframework\db\CDbConnection.php:364
Stack trace:
#0 D:\AppServ\www\sundayvn\diaoc\yiiframework\db\CDbConnection.php(313): CDbConnection->open()
#1 D:\AppServ\www\sundayvn\diaoc\yiiframework\db\CDbConnection.php(291): CDbConnection->setActive(true)
#2 D:\AppServ\www\sundayvn\diaoc\yiiframework\base\CModule.php(372): CDbConnection->init()
#3 D:\AppServ\www\sundayvn\diaoc\yiiframework\base\CModule.php(86): CModule->getComponent('db')
#4 D:\AppServ\www\sundayvn\diaoc\yiiframework\gii\generators\model\ModelCode.php(54): CModule->__get('db')
#5 D:\AppServ\www\sundayvn\diaoc\yiiframework\web\CFormModel.php(40): ModelCode->init()
#6 D:\AppServ\www\sundayvn\diaoc\yiiframework\gii\CCodeGenerator.php(149): CFormModel->__construct()
#7 D:\AppServ\www\sundayvn\diaoc\yiiframework\gii\CCodeGenerator.php(61): CCodeGenerator->prepare()
#8 D:\AppServ\www\sundayvn\diaoc\yiiframework\web\actions\CInlineAction.php(50): CCodeGenerator->actionIndex()
#9 D:\AppServ\www\sundayvn\diaoc\yiiframework\web\CController.php(300): CInlineAction->runWithParams(Array)
#10 D:\AppServ\www\sundayvn\diaoc\yiiframework\web\CController.php(278): CController->runAction(Object(CInlineAction))
#11 D:\AppServ\www\sundayvn\diaoc\yiiframework\web\CController.php(257): CController->runActionWithFilters(Object(CInlineAction), Array)
#12 D:\AppServ\www\sundayvn\diaoc\yiiframework\web\CWebApplication.php(277): CController->run('')
#13 D:\AppServ\www\sundayvn\diaoc\yiiframework\web\CWebApplication.php(136): CWebApplication->runController('gii/model')
#14 D:\AppServ\www\sundayvn\diaoc\yiiframework\base\CApplication.php(158): CWebApplication->processRequest()
#15 D:\AppServ\www\sundayvn\diaoc\index.php(13): CApplication->run()
#16 {main} REQUEST_URI=/sundayvn/diaoc/index.php?r=gii/model
2011/11/06 14:42:04 [error] [exception.CDbException] exception 'CDbException' with message 'CDbConnection failed to open the DB connection: could not find driver' in D:\AppServ\www\sundayvn\diaoc\yiiframework\db\CDbConnection.php:364
Stack trace:
#0 D:\AppServ\www\sundayvn\diaoc\yiiframework\db\CDbConnection.php(313): CDbConnection->open()
#1 D:\AppServ\www\sundayvn\diaoc\yiiframework\db\CDbConnection.php(291): CDbConnection->setActive(true)
#2 D:\AppServ\www\sundayvn\diaoc\yiiframework\base\CModule.php(372): CDbConnection->init()
#3 D:\AppServ\www\sundayvn\diaoc\yiiframework\base\CModule.php(86): CModule->getComponent('db')
#4 D:\AppServ\www\sundayvn\diaoc\yiiframework\gii\generators\model\ModelCode.php(54): CModule->__get('db')
#5 D:\AppServ\www\sundayvn\diaoc\yiiframework\web\CFormModel.php(40): ModelCode->init()
#6 D:\AppServ\www\sundayvn\diaoc\yiiframework\gii\CCodeGenerator.php(149): CFormModel->__construct()
#7 D:\AppServ\www\sundayvn\diaoc\yiiframework\gii\CCodeGenerator.php(61): CCodeGenerator->prepare()
#8 D:\AppServ\www\sundayvn\diaoc\yiiframework\web\actions\CInlineAction.php(50): CCodeGenerator->actionIndex()
#9 D:\AppServ\www\sundayvn\diaoc\yiiframework\web\CController.php(300): CInlineAction->runWithParams(Array)
#10 D:\AppServ\www\sundayvn\diaoc\yiiframework\web\CController.php(278): CController->runAction(Object(CInlineAction))
#11 D:\AppServ\www\sundayvn\diaoc\yiiframework\web\CController.php(257): CController->runActionWithFilters(Object(CInlineAction), Array)
#12 D:\AppServ\www\sundayvn\diaoc\yiiframework\web\CWebApplication.php(277): CController->run('')
#13 D:\AppServ\www\sundayvn\diaoc\yiiframework\web\CWebApplication.php(136): CWebApplication->runController('gii/model')
#14 D:\AppServ\www\sundayvn\diaoc\yiiframework\base\CApplication.php(158): CWebApplication->processRequest()
#15 D:\AppServ\www\sundayvn\diaoc\index.php(13): CApplication->run()
#16 {main} REQUEST_URI=/sundayvn/diaoc/index.php?r=gii/model
2011/11/06 14:42:05 [error] [exception.CDbException] exception 'CDbException' with message 'CDbConnection failed to open the DB connection: could not find driver' in D:\AppServ\www\sundayvn\diaoc\yiiframework\db\CDbConnection.php:364
Stack trace:
#0 D:\AppServ\www\sundayvn\diaoc\yiiframework\db\CDbConnection.php(313): CDbConnection->open()
#1 D:\AppServ\www\sundayvn\diaoc\yiiframework\db\CDbConnection.php(291): CDbConnection->setActive(true)
#2 D:\AppServ\www\sundayvn\diaoc\yiiframework\base\CModule.php(372): CDbConnection->init()
#3 D:\AppServ\www\sundayvn\diaoc\yiiframework\base\CModule.php(86): CModule->getComponent('db')
#4 D:\AppServ\www\sundayvn\diaoc\yiiframework\gii\generators\model\ModelCode.php(54): CModule->__get('db')
#5 D:\AppServ\www\sundayvn\diaoc\yiiframework\web\CFormModel.php(40): ModelCode->init()
#6 D:\AppServ\www\sundayvn\diaoc\yiiframework\gii\CCodeGenerator.php(149): CFormModel->__construct()
#7 D:\AppServ\www\sundayvn\diaoc\yiiframework\gii\CCodeGenerator.php(61): CCodeGenerator->prepare()
#8 D:\AppServ\www\sundayvn\diaoc\yiiframework\web\actions\CInlineAction.php(50): CCodeGenerator->actionIndex()
#9 D:\AppServ\www\sundayvn\diaoc\yiiframework\web\CController.php(300): CInlineAction->runWithParams(Array)
#10 D:\AppServ\www\sundayvn\diaoc\yiiframework\web\CController.php(278): CController->runAction(Object(CInlineAction))
#11 D:\AppServ\www\sundayvn\diaoc\yiiframework\web\CController.php(257): CController->runActionWithFilters(Object(CInlineAction), Array)
#12 D:\AppServ\www\sundayvn\diaoc\yiiframework\web\CWebApplication.php(277): CController->run('')
#13 D:\AppServ\www\sundayvn\diaoc\yiiframework\web\CWebApplication.php(136): CWebApplication->runController('gii/model')
#14 D:\AppServ\www\sundayvn\diaoc\yiiframework\base\CApplication.php(158): CWebApplication->processRequest()
#15 D:\AppServ\www\sundayvn\diaoc\index.php(13): CApplication->run()
#16 {main} REQUEST_URI=/sundayvn/diaoc/index.php?r=gii/model
2011/11/06 14:42:46 [error] [exception.CDbException] exception 'CDbException' with message 'CDbConnection failed to open the DB connection: could not find driver' in D:\AppServ\www\sundayvn\diaoc\yiiframework\db\CDbConnection.php:364
Stack trace:
#0 D:\AppServ\www\sundayvn\diaoc\yiiframework\db\CDbConnection.php(313): CDbConnection->open()
#1 D:\AppServ\www\sundayvn\diaoc\yiiframework\db\CDbConnection.php(291): CDbConnection->setActive(true)
#2 D:\AppServ\www\sundayvn\diaoc\yiiframework\base\CModule.php(372): CDbConnection->init()
#3 D:\AppServ\www\sundayvn\diaoc\yiiframework\base\CModule.php(86): CModule->getComponent('db')
#4 D:\AppServ\www\sundayvn\diaoc\yiiframework\gii\generators\model\ModelCode.php(54): CModule->__get('db')
#5 D:\AppServ\www\sundayvn\diaoc\yiiframework\web\CFormModel.php(40): ModelCode->init()
#6 D:\AppServ\www\sundayvn\diaoc\yiiframework\gii\CCodeGenerator.php(149): CFormModel->__construct()
#7 D:\AppServ\www\sundayvn\diaoc\yiiframework\gii\CCodeGenerator.php(61): CCodeGenerator->prepare()
#8 D:\AppServ\www\sundayvn\diaoc\yiiframework\web\actions\CInlineAction.php(50): CCodeGenerator->actionIndex()
#9 D:\AppServ\www\sundayvn\diaoc\yiiframework\web\CController.php(300): CInlineAction->runWithParams(Array)
#10 D:\AppServ\www\sundayvn\diaoc\yiiframework\web\CController.php(278): CController->runAction(Object(CInlineAction))
#11 D:\AppServ\www\sundayvn\diaoc\yiiframework\web\CController.php(257): CController->runActionWithFilters(Object(CInlineAction), Array)
#12 D:\AppServ\www\sundayvn\diaoc\yiiframework\web\CWebApplication.php(277): CController->run('')
#13 D:\AppServ\www\sundayvn\diaoc\yiiframework\web\CWebApplication.php(136): CWebApplication->runController('gii/model')
#14 D:\AppServ\www\sundayvn\diaoc\yiiframework\base\CApplication.php(158): CWebApplication->processRequest()
#15 D:\AppServ\www\sundayvn\diaoc\index.php(13): CApplication->run()
#16 {main} REQUEST_URI=/sundayvn/diaoc/index.php?r=gii/model
2011/11/06 14:42:48 [error] [exception.CDbException] exception 'CDbException' with message 'CDbConnection failed to open the DB connection: could not find driver' in D:\AppServ\www\sundayvn\diaoc\yiiframework\db\CDbConnection.php:364
Stack trace:
#0 D:\AppServ\www\sundayvn\diaoc\yiiframework\db\CDbConnection.php(313): CDbConnection->open()
#1 D:\AppServ\www\sundayvn\diaoc\yiiframework\db\CDbConnection.php(291): CDbConnection->setActive(true)
#2 D:\AppServ\www\sundayvn\diaoc\yiiframework\base\CModule.php(372): CDbConnection->init()
#3 D:\AppServ\www\sundayvn\diaoc\yiiframework\base\CModule.php(86): CModule->getComponent('db')
#4 D:\AppServ\www\sundayvn\diaoc\yiiframework\gii\generators\model\ModelCode.php(54): CModule->__get('db')
#5 D:\AppServ\www\sundayvn\diaoc\yiiframework\web\CFormModel.php(40): ModelCode->init()
#6 D:\AppServ\www\sundayvn\diaoc\yiiframework\gii\CCodeGenerator.php(149): CFormModel->__construct()
#7 D:\AppServ\www\sundayvn\diaoc\yiiframework\gii\CCodeGenerator.php(61): CCodeGenerator->prepare()
#8 D:\AppServ\www\sundayvn\diaoc\yiiframework\web\actions\CInlineAction.php(50): CCodeGenerator->actionIndex()
#9 D:\AppServ\www\sundayvn\diaoc\yiiframework\web\CController.php(300): CInlineAction->runWithParams(Array)
#10 D:\AppServ\www\sundayvn\diaoc\yiiframework\web\CController.php(278): CController->runAction(Object(CInlineAction))
#11 D:\AppServ\www\sundayvn\diaoc\yiiframework\web\CController.php(257): CController->runActionWithFilters(Object(CInlineAction), Array)
#12 D:\AppServ\www\sundayvn\diaoc\yiiframework\web\CWebApplication.php(277): CController->run('')
#13 D:\AppServ\www\sundayvn\diaoc\yiiframework\web\CWebApplication.php(136): CWebApplication->runController('gii/model')
#14 D:\AppServ\www\sundayvn\diaoc\yiiframework\base\CApplication.php(158): CWebApplication->processRequest()
#15 D:\AppServ\www\sundayvn\diaoc\index.php(13): CApplication->run()
#16 {main} REQUEST_URI=/sundayvn/diaoc/index.php?r=gii/model
2011/11/06 14:42:53 [error] [exception.CDbException] exception 'CDbException' with message 'CDbConnection failed to open the DB connection: could not find driver' in D:\AppServ\www\sundayvn\diaoc\yiiframework\db\CDbConnection.php:364
Stack trace:
#0 D:\AppServ\www\sundayvn\diaoc\yiiframework\db\CDbConnection.php(313): CDbConnection->open()
#1 D:\AppServ\www\sundayvn\diaoc\yiiframework\db\CDbConnection.php(291): CDbConnection->setActive(true)
#2 D:\AppServ\www\sundayvn\diaoc\yiiframework\base\CModule.php(372): CDbConnection->init()
#3 D:\AppServ\www\sundayvn\diaoc\yiiframework\base\CModule.php(86): CModule->getComponent('db')
#4 D:\AppServ\www\sundayvn\diaoc\yiiframework\gii\generators\model\ModelCode.php(54): CModule->__get('db')
#5 D:\AppServ\www\sundayvn\diaoc\yiiframework\web\CFormModel.php(40): ModelCode->init()
#6 D:\AppServ\www\sundayvn\diaoc\yiiframework\gii\CCodeGenerator.php(149): CFormModel->__construct()
#7 D:\AppServ\www\sundayvn\diaoc\yiiframework\gii\CCodeGenerator.php(61): CCodeGenerator->prepare()
#8 D:\AppServ\www\sundayvn\diaoc\yiiframework\web\actions\CInlineAction.php(50): CCodeGenerator->actionIndex()
#9 D:\AppServ\www\sundayvn\diaoc\yiiframework\web\CController.php(300): CInlineAction->runWithParams(Array)
#10 D:\AppServ\www\sundayvn\diaoc\yiiframework\web\CController.php(278): CController->runAction(Object(CInlineAction))
#11 D:\AppServ\www\sundayvn\diaoc\yiiframework\web\CController.php(257): CController->runActionWithFilters(Object(CInlineAction), Array)
#12 D:\AppServ\www\sundayvn\diaoc\yiiframework\web\CWebApplication.php(277): CController->run('')
#13 D:\AppServ\www\sundayvn\diaoc\yiiframework\web\CWebApplication.php(136): CWebApplication->runController('gii/model')
#14 D:\AppServ\www\sundayvn\diaoc\yiiframework\base\CApplication.php(158): CWebApplication->processRequest()
#15 D:\AppServ\www\sundayvn\diaoc\index.php(13): CApplication->run()
#16 {main} REQUEST_URI=/sundayvn/diaoc/index.php?r=gii/model
2011/11/06 14:45:03 [error] [exception.CDbException] exception 'CDbException' with message 'CDbConnection failed to open the DB connection: SQLSTATE[28000] [1045] Access denied for user 'root'@'localhost' (using password: NO)' in D:\AppServ\www\sundayvn\diaoc\yiiframework\db\CDbConnection.php:364
Stack trace:
#0 D:\AppServ\www\sundayvn\diaoc\yiiframework\db\CDbConnection.php(313): CDbConnection->open()
#1 D:\AppServ\www\sundayvn\diaoc\yiiframework\db\CDbConnection.php(291): CDbConnection->setActive(true)
#2 D:\AppServ\www\sundayvn\diaoc\yiiframework\base\CModule.php(372): CDbConnection->init()
#3 D:\AppServ\www\sundayvn\diaoc\yiiframework\base\CModule.php(86): CModule->getComponent('db')
#4 D:\AppServ\www\sundayvn\diaoc\yiiframework\gii\generators\model\ModelCode.php(54): CModule->__get('db')
#5 D:\AppServ\www\sundayvn\diaoc\yiiframework\web\CFormModel.php(40): ModelCode->init()
#6 D:\AppServ\www\sundayvn\diaoc\yiiframework\gii\CCodeGenerator.php(149): CFormModel->__construct()
#7 D:\AppServ\www\sundayvn\diaoc\yiiframework\gii\CCodeGenerator.php(61): CCodeGenerator->prepare()
#8 D:\AppServ\www\sundayvn\diaoc\yiiframework\web\actions\CInlineAction.php(50): CCodeGenerator->actionIndex()
#9 D:\AppServ\www\sundayvn\diaoc\yiiframework\web\CController.php(300): CInlineAction->runWithParams(Array)
#10 D:\AppServ\www\sundayvn\diaoc\yiiframework\web\CController.php(278): CController->runAction(Object(CInlineAction))
#11 D:\AppServ\www\sundayvn\diaoc\yiiframework\web\CController.php(257): CController->runActionWithFilters(Object(CInlineAction), Array)
#12 D:\AppServ\www\sundayvn\diaoc\yiiframework\web\CWebApplication.php(277): CController->run('')
#13 D:\AppServ\www\sundayvn\diaoc\yiiframework\web\CWebApplication.php(136): CWebApplication->runController('gii/model')
#14 D:\AppServ\www\sundayvn\diaoc\yiiframework\base\CApplication.php(158): CWebApplication->processRequest()
#15 D:\AppServ\www\sundayvn\diaoc\index.php(13): CApplication->run()
#16 {main} REQUEST_URI=/sundayvn/diaoc/index.php?r=gii/model
2011/11/06 17:00:22 [error] [exception.CException] exception 'CException' with message 'Property "DefaultController.layoutPath" is not defined.' in D:\AppServ\www\sundayvn\diaoc\yiiframework\base\CComponent.php:131
Stack trace:
#0 D:\AppServ\www\sundayvn\diaoc\protected\modules\administrator\controllers\DefaultController.php(7): CComponent->__get('layoutPath')
#1 D:\AppServ\www\sundayvn\diaoc\yiiframework\web\actions\CInlineAction.php(50): DefaultController->actionIndex()
#2 D:\AppServ\www\sundayvn\diaoc\yiiframework\web\CController.php(300): CInlineAction->runWithParams(Array)
#3 D:\AppServ\www\sundayvn\diaoc\yiiframework\web\CController.php(278): CController->runAction(Object(CInlineAction))
#4 D:\AppServ\www\sundayvn\diaoc\yiiframework\web\CController.php(257): CController->runActionWithFilters(Object(CInlineAction), Array)
#5 D:\AppServ\www\sundayvn\diaoc\yiiframework\web\CWebApplication.php(277): CController->run('')
#6 D:\AppServ\www\sundayvn\diaoc\yiiframework\web\CWebApplication.php(136): CWebApplication->runController('administrator')
#7 D:\AppServ\www\sundayvn\diaoc\yiiframework\base\CApplication.php(158): CWebApplication->processRequest()
#8 D:\AppServ\www\sundayvn\diaoc\index.php(13): CApplication->run()
#9 {main} REQUEST_URI=/sundayvn/diaoc/index.php?r=administrator
2011/11/06 17:01:47 [error] [php] Object of class AdministratorModule could not be converted to string (D:\AppServ\www\sundayvn\diaoc\protected\modules\administrator\controllers\DefaultController.php:7)
Stack trace:
#0 D:\AppServ\www\sundayvn\diaoc\yiiframework\web\CController.php(278): DefaultController->runAction()
#1 D:\AppServ\www\sundayvn\diaoc\yiiframework\web\CController.php(257): DefaultController->runActionWithFilters()
#2 D:\AppServ\www\sundayvn\diaoc\yiiframework\web\CWebApplication.php(277): DefaultController->run()
#3 D:\AppServ\www\sundayvn\diaoc\yiiframework\web\CWebApplication.php(136): CWebApplication->runController()
#4 D:\AppServ\www\sundayvn\diaoc\yiiframework\base\CApplication.php(158): CWebApplication->processRequest()
#5 D:\AppServ\www\sundayvn\diaoc\index.php(13): CWebApplication->run()
REQUEST_URI=/sundayvn/diaoc/index.php?r=administrator
in D:\AppServ\www\sundayvn\diaoc\protected\modules\administrator\controllers\DefaultController.php (7)
in D:\AppServ\www\sundayvn\diaoc\index.php (13)
2011/11/06 17:04:58 [error] [php] Missing argument 1 for CController::getLayoutFile(), called in D:\AppServ\www\sundayvn\diaoc\protected\modules\administrator\controllers\DefaultController.php on line 7 and defined (D:\AppServ\www\sundayvn\diaoc\yiiframework\web\CController.php:629)
Stack trace:
#0 D:\AppServ\www\sundayvn\diaoc\yiiframework\web\CController.php(300): CInlineAction->runWithParams()
#1 D:\AppServ\www\sundayvn\diaoc\yiiframework\web\CController.php(278): DefaultController->runAction()
#2 D:\AppServ\www\sundayvn\diaoc\yiiframework\web\CController.php(257): DefaultController->runActionWithFilters()
#3 D:\AppServ\www\sundayvn\diaoc\yiiframework\web\CWebApplication.php(277): DefaultController->run()
#4 D:\AppServ\www\sundayvn\diaoc\yiiframework\web\CWebApplication.php(136): CWebApplication->runController()
#5 D:\AppServ\www\sundayvn\diaoc\yiiframework\base\CApplication.php(158): CWebApplication->processRequest()
#6 D:\AppServ\www\sundayvn\diaoc\index.php(13): CWebApplication->run()
REQUEST_URI=/sundayvn/diaoc/index.php?r=administrator
in D:\AppServ\www\sundayvn\diaoc\protected\modules\administrator\controllers\DefaultController.php (7)
in D:\AppServ\www\sundayvn\diaoc\index.php (13)
